<?xml version="1.0" encoding="UTF-8"?>
<coverage generated="1679504355117" clover="3.2.0">
  <project timestamp="1679504355117" name="All files">
    <metrics statements="13" coveredstatements="12" conditionals="8" coveredconditionals="7" methods="1" coveredmethods="1" elements="22" coveredelements="20" complexity="0" loc="13" ncloc="13" packages="1" files="1" classes="1"/>
    <file name="isLeapYear.js" path="C:\Users\roboiko\Documents\Projects\goit\BC40\lesson-10\src\isLeapYear.js">
      <metrics statements="13" coveredstatements="12" conditionals="8" coveredconditionals="7" methods="1" coveredmethods="1"/>
      <line num="1" count="1" type="stmt"/>
      <line num="2" count="12" type="cond" truecount="2" falsecount="0"/>
      <line num="3" count="1" type="stmt"/>
      <line num="6" count="11" type="cond" truecount="2" falsecount="0"/>
      <line num="7" count="6" type="stmt"/>
      <line num="10" count="5" type="cond" truecount="2" falsecount="0"/>
      <line num="11" count="1" type="stmt"/>
      <line num="14" count="4" type="cond" truecount="1" falsecount="1"/>
      <line num="15" count="0" type="stmt"/>
      <line num="17" count="4" type="stmt"/>
      <line num="18" count="4" type="stmt"/>
      <line num="19" count="4" type="stmt"/>
      <line num="22" count="1" type="stmt"/>
    </file>
  </project>
</coverage>
